android/app/build/intermediates/manifest_merge_blame_file/debug/manifest-merger-blame-debug-report.txt
1<?xml version="1.0" encoding="utf-8"?>
2<manifest xmlns:android="http://schemas.android.com/apk/res/android"
3    package="codes.stable.opensource.android"
4    android:versionCode="1"
5    android:versionName="1.0.0" >
6
7    <uses-sdk
8        android:minSdkVersion="21"
8-->src/main/AndroidManifest.xml
9        android:targetSdkVersion="29" />
9-->src/main/AndroidManifest.xml
10
11    <application
11-->src/main/AndroidManifest.xml:5:5-20:19
12        android:allowBackup="true"
12-->src/main/AndroidManifest.xml:6:9-35
13        android:appComponentFactory="androidx.core.app.CoreComponentFactory"
13-->[androidx.core:core:1.1.0] AndroidManifest.xml:24:18-86
14        android:debuggable="true"
15        android:icon="@mipmap/ic_launcher"
15-->src/main/AndroidManifest.xml:7:9-43
16        android:label="@string/app_name"
16-->src/main/AndroidManifest.xml:8:9-41
17        android:roundIcon="@mipmap/ic_launcher_round"
17-->src/main/AndroidManifest.xml:9:9-54
18        android:supportsRtl="true"
18-->src/main/AndroidManifest.xml:10:9-35
19        android:testOnly="true"
20        android:theme="@style/AppTheme" >
20-->src/main/AndroidManifest.xml:11:9-40
21        <activity android:name="codes.stable.opensource.android.MainActivity" >
21-->src/main/AndroidManifest.xml:12:9-18:20
21-->src/main/AndroidManifest.xml:12:19-47
22            <intent-filter>
22-->src/main/AndroidManifest.xml:13:13-17:29
23                <action android:name="android.intent.action.MAIN" />
23-->src/main/AndroidManifest.xml:14:17-69
23-->src/main/AndroidManifest.xml:14:25-66
24
25                <category android:name="android.intent.category.LAUNCHER" />
25-->src/main/AndroidManifest.xml:16:17-77
25-->src/main/AndroidManifest.xml:16:27-74
26            </intent-filter>
27        </activity>
28        <activity android:name="codes.stable.opensource.android.OtherActivity" />
28-->src/main/AndroidManifest.xml:19:9-51
28-->src/main/AndroidManifest.xml:19:19-48
29        <!-- The activity will be merged into the manifest of the hosting app. -->
30        <activity
30-->[com.google.android.play:core:1.6.4] AndroidManifest.xml:8:5-271
31            android:name="com.google.android.play.core.missingsplits.PlayCoreMissingSplitsActivity"
31-->[com.google.android.play:core:1.6.4] AndroidManifest.xml:8:15-102
32            android:enabled="false"
32-->[com.google.android.play:core:1.6.4] AndroidManifest.xml:8:103-126
33            android:exported="false"
33-->[com.google.android.play:core:1.6.4] AndroidManifest.xml:8:127-151
34            android:launchMode="singleInstance"
34-->[com.google.android.play:core:1.6.4] AndroidManifest.xml:8:204-239
35            android:process=":playcore_missing_splits_activity"
35-->[com.google.android.play:core:1.6.4] AndroidManifest.xml:8:152-203
36            android:stateNotNeeded="true" />
36-->[com.google.android.play:core:1.6.4] AndroidManifest.xml:8:240-269
37        <activity
37-->[com.google.android.play:core:1.6.4] AndroidManifest.xml:9:5-278
38            android:name="com.google.android.play.core.common.PlayCoreDialogWrapperActivity"
38-->[com.google.android.play:core:1.6.4] AndroidManifest.xml:9:15-95
39            android:enabled="false"
39-->[com.google.android.play:core:1.6.4] AndroidManifest.xml:9:96-119
40            android:exported="false"
40-->[com.google.android.play:core:1.6.4] AndroidManifest.xml:9:120-144
41            android:process=":playcore_dialog_wrapper_activity"
41-->[com.google.android.play:core:1.6.4] AndroidManifest.xml:9:175-226
42            android:stateNotNeeded="true"
42-->[com.google.android.play:core:1.6.4] AndroidManifest.xml:9:145-174
43            android:theme="@style/Theme.PlayCore.Transparent" />
43-->[com.google.android.play:core:1.6.4] AndroidManifest.xml:9:227-276
44    </application>
45
46</manifest>